#include QMK_KEYBOARD_H

/* THIS FILE WAS GENERATED!
 *
 * This file was generated by qmk json2c. You may or may not want to
 * edit it directly.
 */

const uint16_t PROGMEM keymaps[][MATRIX_ROWS][MATRIX_COLS] = {
	[0] = LAYOUT_planck_mit(KC_ESC, KC_Q, KC_W, KC_E, KC_R, KC_T, KC_Y, KC_U, KC_I, KC_O, KC_P, KC_BSPC, KC_TAB, LGUI_T(KC_A), LALT_T(KC_S), LCTL_T(KC_D), LT(4,KC_F), KC_G, KC_H, LT(5,KC_J), RCTL_T(KC_K), RALT_T(KC_L), RGUI_T(KC_SCLN), KC_ENT, KC_LSFT, KC_Z, KC_X, KC_C, LT(7,KC_V), KC_B, KC_N, LT(6,KC_M), KC_COMM, KC_DOT, KC_SLSH, OSM(MOD_RSFT), KC_LCTL, KC_LGUI, KC_LALT, MO(3), MO(1), LSFT_T(KC_SPC), MO(2), KC_LEFT, KC_DOWN, KC_UP, KC_RGHT),
	[1] = LAYOUT_planck_mit(KC_GRV, KC_1, KC_2, KC_3, KC_4, KC_5, KC_6, KC_7, KC_8, KC_9, KC_0, KC_DEL, KC_CAPS, KC_TRNS, KC_TRNS, KC_TRNS, KC_TRNS, KC_TRNS, KC_LBRC, KC_RBRC, KC_BSLS, KC_QUOT, KC_TRNS, KC_TRNS, KC_TRNS, KC_TRNS, KC_TRNS, KC_TRNS, KC_TRNS, KC_TRNS, KC_MINS, KC_EQL, KC_TRNS, KC_TRNS, KC_TRNS, KC_TRNS, KC_TRNS, KC_TRNS, KC_TRNS, KC_TRNS, KC_TRNS, KC_TRNS, DM_PLY2, KC_HOME, KC_PGDN, KC_PGUP, KC_END),
	[2] = LAYOUT_planck_mit(KC_TILD, KC_EXLM, KC_AT, KC_HASH, KC_DLR, KC_PERC, KC_CIRC, KC_AMPR, KC_ASTR, KC_LPRN, KC_RPRN, KC_DEL, KC_CAPS, KC_TRNS, KC_TRNS, KC_TRNS, KC_TRNS, KC_TRNS, KC_LCBR, KC_RCBR, KC_PIPE, KC_DQUO, KC_COLN, KC_TRNS, KC_TRNS, KC_TRNS, KC_TRNS, KC_TRNS, KC_INS, KC_TRNS, KC_UNDS, KC_PLUS, KC_LT, KC_GT, KC_QUES, KC_TRNS, KC_TRNS, KC_TRNS, KC_TRNS, KC_TRNS, DM_PLY1, KC_TRNS, KC_TRNS, KC_TRNS, KC_VOLD, KC_VOLU, KC_MUTE),
	[3] = LAYOUT_planck_mit(KC_F1, KC_F2, KC_F3, KC_F4, KC_F5, KC_F6, KC_F7, KC_F8, KC_F9, KC_F10, KC_F11, KC_F12, DF(8), KC_TRNS, KC_PSCR, KC_TRNS, KC_TRNS, KC_TRNS, KC_TRNS, KC_TRNS, KC_TRNS, KC_SLCK, KC_TRNS, KC_TRNS, KC_TRNS, KC_TRNS, KC_TRNS, KC_TRNS, KC_TRNS, KC_TRNS, NK_TOGG, KC_TRNS, KC_TRNS, KC_TRNS, KC_TRNS, KC_TRNS, KC_TRNS, KC_TRNS, KC_TRNS, KC_TRNS, DM_REC1, KC_TRNS, DM_REC2, KC_TRNS, KC_VOLD, KC_VOLU, KC_MUTE),
	[4] = LAYOUT_planck_mit(KC_TRNS, KC_TRNS, KC_TRNS, KC_TRNS, KC_TRNS, KC_TRNS, MC_GTLT, MC_DBLPAREN, MC_DBLSBRKT, MC_DBLCBRKT, KC_PLUS, KC_TRNS, KC_TRNS, KC_TRNS, KC_TRNS, KC_TRNS, KC_TRNS, KC_TRNS, KC_LEFT, KC_DOWN, KC_UP, KC_RGHT, KC_EQL, KC_TRNS, KC_TRNS, KC_TRNS, KC_TRNS, KC_TRNS, KC_TRNS, KC_TRNS, KC_HASH, KC_HOME, KC_PGDN, KC_PGUP, KC_END, KC_TRNS, KC_TRNS, KC_TRNS, KC_TRNS, KC_TRNS, KC_TRNS, KC_TRNS, KC_TRNS, KC_TRNS, KC_TRNS, KC_TRNS, KC_TRNS),
	[5] = LAYOUT_planck_mit(KC_TRNS, MC_BACKTICKS, MC_SINQUOT, KC_ESC, MC_DBLQUOT, KC_MINS, KC_TRNS, KC_TRNS, KC_TRNS, KC_TRNS, KC_TRNS, KC_TRNS, KC_TRNS, KC_AT, KC_DLR, KC_AMPR, KC_BSPC, KC_TAB, KC_TRNS, KC_TRNS, KC_TRNS, KC_TRNS, KC_TRNS, KC_TRNS, KC_TRNS, KC_PERC, KC_ASTR, KC_CIRC, KC_TRNS, KC_EXLM, KC_TRNS, KC_TRNS, KC_TRNS, KC_TRNS, KC_TRNS, KC_TRNS, KC_TRNS, KC_TRNS, KC_TRNS, KC_TRNS, KC_TRNS, KC_TRNS, KC_TRNS, KC_TRNS, KC_TRNS, KC_TRNS, KC_TRNS),
	[6] = LAYOUT_planck_mit(KC_TRNS, KC_TRNS, KC_TRNS, KC_MS_U, KC_TRNS, KC_TRNS, KC_TRNS, KC_TRNS, KC_TRNS, KC_TRNS, KC_TRNS, KC_TRNS, KC_TRNS, KC_BTN2, KC_MS_L, KC_MS_D, KC_MS_R, KC_TRNS, KC_TRNS, KC_TRNS, KC_TRNS, KC_TRNS, KC_TRNS, KC_TRNS, KC_TRNS, KC_TRNS, KC_TRNS, KC_WH_U, KC_WH_D, KC_TRNS, KC_TRNS, KC_TRNS, KC_TRNS, KC_TRNS, KC_TRNS, KC_TRNS, KC_TRNS, KC_TRNS, KC_TRNS, KC_TRNS, KC_WBAK, KC_BTN1, KC_WFWD, KC_TRNS, KC_TRNS, KC_TRNS, KC_TRNS),
	[7] = LAYOUT_planck_mit(KC_TRNS, KC_TRNS, KC_TRNS, KC_TRNS, KC_TRNS, KC_TRNS, KC_PAST, KC_P7, KC_P8, KC_P9, KC_PPLS, KC_TRNS, KC_TRNS, KC_TRNS, KC_TRNS, KC_TRNS, KC_TRNS, KC_TRNS, KC_PMNS, KC_P4, KC_P5, KC_P6, KC_PEQL, KC_TRNS, KC_TRNS, KC_TRNS, KC_TRNS, KC_TRNS, KC_TRNS, KC_TRNS, KC_NLCK, KC_P1, KC_P2, KC_P3, KC_PSLS, KC_TRNS, KC_TRNS, KC_TRNS, KC_TRNS, KC_TRNS, KC_TRNS, KC_TRNS, KC_P0, KC_PDOT, KC_TRNS, KC_TRNS, KC_TRNS),
	[8] = LAYOUT_planck_mit(KC_ESC, KC_Q, KC_W, KC_E, KC_R, KC_T, KC_Y, KC_U, KC_I, KC_O, KC_P, KC_BSPC, KC_TAB, KC_A, KC_S, KC_D, KC_F, KC_G, KC_H, KC_J, KC_K, KC_L, KC_SCLN, KC_ENT, KC_LSFT, KC_Z, KC_X, KC_C, KC_V, KC_B, KC_N, KC_M, KC_COMM, KC_DOT, KC_SLSH, KC_RSFT, KC_LCTL, KC_LGUI, KC_LALT, MO(11), MO(9), KC_SPC, MO(10), KC_LEFT, KC_DOWN, KC_UP, KC_RGHT),
	[9] = LAYOUT_planck_mit(KC_GRV, KC_1, KC_2, KC_3, KC_4, KC_5, KC_6, KC_7, KC_8, KC_9, KC_0, KC_DEL, KC_CAPS, KC_TRNS, KC_TRNS, KC_TRNS, KC_TRNS, KC_TRNS, KC_LBRC, KC_RBRC, KC_BSLS, KC_QUOT, KC_TRNS, KC_TRNS, KC_TRNS, KC_TRNS, KC_TRNS, KC_TRNS, KC_TRNS, KC_TRNS, KC_MINS, KC_EQL, KC_TRNS, KC_TRNS, KC_TRNS, KC_TRNS, KC_TRNS, KC_TRNS, KC_TRNS, KC_TRNS, KC_TRNS, KC_TRNS, KC_TRNS, KC_HOME, KC_PGDN, KC_PGUP, KC_END),
	[10] = LAYOUT_planck_mit(KC_TILD, KC_EXLM, KC_AT, KC_HASH, KC_DLR, KC_PERC, KC_CIRC, KC_AMPR, KC_ASTR, KC_LPRN, KC_RPRN, KC_DEL, KC_CAPS, KC_TRNS, KC_TRNS, KC_TRNS, KC_TRNS, KC_TRNS, KC_LCBR, KC_RCBR, KC_PIPE, KC_DQUO, KC_COLN, KC_TRNS, KC_TRNS, KC_TRNS, KC_TRNS, KC_TRNS, KC_INS, KC_TRNS, KC_UNDS, KC_PLUS, KC_LT, KC_GT, KC_QUES, KC_TRNS, KC_TRNS, KC_TRNS, KC_TRNS, KC_TRNS, KC_TRNS, KC_TRNS, KC_TRNS, KC_TRNS, KC_VOLD, KC_VOLU, KC_MUTE),
	[11] = LAYOUT_planck_mit(KC_F1, KC_F2, KC_F3, KC_F4, KC_F5, KC_F6, KC_F7, KC_F8, KC_F9, KC_F10, KC_F11, KC_F12, DF(0), KC_TRNS, KC_PSCR, KC_TRNS, KC_TRNS, KC_TRNS, KC_TRNS, KC_TRNS, KC_TRNS, KC_SLCK, KC_TRNS, KC_TRNS, KC_TRNS, KC_TRNS, KC_TRNS, KC_TRNS, KC_TRNS, KC_TRNS, NK_TOGG, KC_TRNS, KC_TRNS, KC_TRNS, KC_TRNS, KC_TRNS, KC_TRNS, KC_TRNS, KC_TRNS, KC_TRNS, KC_TRNS, KC_TRNS, KC_TRNS, KC_TRNS, KC_VOLD, KC_VOLU, KC_MUTE)
};
